<?xml version="1.0" encoding="utf-8"?><testsuites name="pytest tests"><testsuite name="pytest" errors="0" failures="0" skipped="0" tests="19" time="13.235" timestamp="2026-04-24T08:39:58.221079+00:00" hostname="agent-env-83087bfc-589a-4c1b-a3c4-4c2de8fa6d14"><testcase classname="backend.tests.test_coupon_system.TestCouponSystem" name="test_admin_list_coupons" time="0.674" /><testcase classname="backend.tests.test_coupon_system.TestCouponSystem" name="test_admin_create_coupon_basic" time="0.669" /><testcase classname="backend.tests.test_coupon_system.TestCouponSystem" name="test_admin_create_coupon_with_expiry" time="0.663" /><testcase classname="backend.tests.test_coupon_system.TestCouponSystem" name="test_admin_create_coupon_duplicate_prevention" time="0.694" /><testcase classname="backend.tests.test_coupon_system.TestCouponSystem" name="test_admin_create_coupon_invalid_discount" time="0.612" /><testcase classname="backend.tests.test_coupon_system.TestCouponSystem" name="test_admin_update_coupon" time="0.683" /><testcase classname="backend.tests.test_coupon_system.TestCouponSystem" name="test_admin_delete_coupon" time="0.742" /><testcase classname="backend.tests.test_coupon_system.TestCouponSystem" name="test_admin_delete_nonexistent_coupon" time="0.616" /><testcase classname="backend.tests.test_coupon_system.TestCouponSystem" name="test_validate_coupon_valid" time="0.793" /><testcase classname="backend.tests.test_coupon_system.TestCouponSystem" name="test_validate_coupon_invalid_code" time="0.633" /><testcase classname="backend.tests.test_coupon_system.TestCouponSystem" name="test_validate_coupon_inactive" time="0.712" /><testcase classname="backend.tests.test_coupon_system.TestCouponSystem" name="test_validate_coupon_expired" time="0.749" /><testcase classname="backend.tests.test_coupon_system.TestCouponSystem" name="test_save20_coupon_exists" time="0.628" /><testcase classname="backend.tests.test_coupon_system.TestCouponSystem" name="test_validate_save20" time="0.672" /><testcase classname="backend.tests.test_coupon_system.TestCouponSystem" name="test_razorpay_order_with_coupon" time="1.698" /><testcase classname="backend.tests.test_coupon_system.TestCouponSystem" name="test_razorpay_order_without_coupon" time="1.011" /><testcase classname="backend.tests.test_coupon_system.TestCouponSystemAdmin2" name="test_admin2_can_manage_coupons" time="0.709" /><testcase classname="backend.tests.test_coupon_system.TestCouponSystemUnauthorized" name="test_unauthenticated_cannot_list_coupons" time="0.102" /><testcase classname="backend.tests.test_coupon_system.TestCouponSystemUnauthorized" name="test_unauthenticated_cannot_create_coupon" time="0.106" /></testsuite></testsuites>