<?xml version="1.0" encoding="utf-8"?><testsuites name="pytest tests"><testsuite name="pytest" errors="0" failures="0" skipped="0" tests="16" time="4.830" timestamp="2026-04-17T09:51:04.775468+00:00" hostname="agent-env-83087bfc-589a-4c1b-a3c4-4c2de8fa6d14"><testcase classname="backend.tests.test_iteration4_features.TestAdminLogin" name="test_admin1_login" time="0.352" /><testcase classname="backend.tests.test_iteration4_features.TestAdminLogin" name="test_admin2_login" time="0.358" /><testcase classname="backend.tests.test_iteration4_features.TestForgotPassword" name="test_forgot_password_existing_email" time="0.147" /><testcase classname="backend.tests.test_iteration4_features.TestForgotPassword" name="test_forgot_password_nonexistent_email" time="0.116" /><testcase classname="backend.tests.test_iteration4_features.TestResetPassword" name="test_reset_password_invalid_token" time="0.103" /><testcase classname="backend.tests.test_iteration4_features.TestResetPassword" name="test_reset_password_short_password" time="0.108" /><testcase classname="backend.tests.test_iteration4_features.TestEmailReminderAPIs" name="test_get_reminder_settings" time="0.375" /><testcase classname="backend.tests.test_iteration4_features.TestEmailReminderAPIs" name="test_update_reminder_settings" time="0.435" /><testcase classname="backend.tests.test_iteration4_features.TestEmailReminderAPIs" name="test_send_reminders" time="0.434" /><testcase classname="backend.tests.test_iteration4_features.TestEmailReminderAPIs" name="test_reminder_settings_requires_auth" time="0.116" /><testcase classname="backend.tests.test_iteration4_features.TestAdminContentManagement" name="test_list_content_pages" time="0.394" /><testcase classname="backend.tests.test_iteration4_features.TestAdminContentManagement" name="test_create_custom_page" time="0.454" /><testcase classname="backend.tests.test_iteration4_features.TestAdminContentManagement" name="test_update_custom_page" time="0.392" /><testcase classname="backend.tests.test_iteration4_features.TestAdminContentManagement" name="test_delete_custom_page" time="0.442" /><testcase classname="backend.tests.test_iteration4_features.TestAdminContentManagement" name="test_cannot_delete_builtin_page" time="0.387" /><testcase classname="backend.tests.test_iteration4_features.TestAdminContentManagement" name="test_content_pages_requires_auth" time="0.119" /></testsuite></testsuites>