<?xml version="1.0" encoding="utf-8"?><testsuites name="pytest tests"><testsuite name="pytest" errors="0" failures="1" skipped="0" tests="8" time="2.993" timestamp="2026-08-18T13:56:36.260290+00:00" hostname="agent-env-83087bfc-589a-4c1b-a3c4-4c2de8fa6d14"><testcase classname="backend.tests.test_auth_google_login.TestEmailPasswordLogin" name="test_admin_login_success" time="0.627" /><testcase classname="backend.tests.test_auth_google_login.TestEmailPasswordLogin" name="test_login_invalid_credentials" time="0.391" /><testcase classname="backend.tests.test_auth_google_login.TestEmailPasswordLogin" name="test_me_with_cookie" time="0.574" /><testcase classname="backend.tests.test_auth_google_login.TestEmailPasswordLogin" name="test_logout_clears_cookies" time="0.468" /><testcase classname="backend.tests.test_auth_google_login.TestGoogleAuthCallback" name="test_callback_empty_session_id" time="0.164" /><testcase classname="backend.tests.test_auth_google_login.TestGoogleAuthCallback" name="test_callback_missing_body" time="0.229" /><testcase classname="backend.tests.test_auth_google_login.TestGoogleAuthCallback" name="test_callback_invalid_session_id" time="0.333" /><testcase classname="backend.tests.test_auth_google_login.TestCORS" name="test_cors_allows_frontend_origin" time="0.115"><failure message="AssertionError: assert '*' == 'https://well...gentagent.com'&#10;  &#10;  - https://wellness-log-105.preview.emergentagent.com&#10;  + *">backend/tests/test_auth_google_login.py:78: in test_cors_allows_frontend_origin
    assert r.headers.get("access-control-allow-origin") == origin
E   AssertionError: assert '*' == 'https://well...gentagent.com'
E     
E     - https://wellness-log-105.preview.emergentagent.com
E     + *</failure></testcase></testsuite></testsuites>