<?xml version="1.0" encoding="utf-8"?><testsuites name="pytest tests"><testsuite name="pytest" errors="0" failures="0" skipped="0" tests="20" time="8.432" timestamp="2026-04-10T12:46:59.758664+00:00" hostname="agent-env-83087bfc-589a-4c1b-a3c4-4c2de8fa6d14"><testcase classname="backend.tests.test_p0_features.TestContentPages" name="test_terms_page_returns_content" time="0.151" /><testcase classname="backend.tests.test_p0_features.TestContentPages" name="test_privacy_page_returns_content" time="0.117" /><testcase classname="backend.tests.test_p0_features.TestContentPages" name="test_refund_page_returns_content" time="0.111" /><testcase classname="backend.tests.test_p0_features.TestContentPages" name="test_about_page_returns_content" time="0.107" /><testcase classname="backend.tests.test_p0_features.TestContentPages" name="test_invalid_page_returns_404" time="0.103" /><testcase classname="backend.tests.test_p0_features.TestContentPages" name="test_content_pages_are_public" time="0.451" /><testcase classname="backend.tests.test_p0_features.TestPayUGateway" name="test_payu_initiate_returns_payment_data" time="0.768" /><testcase classname="backend.tests.test_p0_features.TestPayUGateway" name="test_payu_initiate_requires_auth" time="0.549" /><testcase classname="backend.tests.test_p0_features.TestPayUGateway" name="test_payu_initiate_invalid_plan" time="0.604" /><testcase classname="backend.tests.test_p0_features.TestPayUGateway" name="test_payu_initiate_free_plan_rejected" time="0.534" /><testcase classname="backend.tests.test_p0_features.TestReferralSystem" name="test_get_referral_generates_code" time="0.447" /><testcase classname="backend.tests.test_p0_features.TestReferralSystem" name="test_referral_code_is_consistent" time="0.481" /><testcase classname="backend.tests.test_p0_features.TestReferralSystem" name="test_apply_invalid_referral_code" time="0.477" /><testcase classname="backend.tests.test_p0_features.TestReferralSystem" name="test_apply_own_referral_code_rejected" time="0.507" /><testcase classname="backend.tests.test_p0_features.TestReferralSystem" name="test_referral_requires_auth" time="0.457" /><testcase classname="backend.tests.test_p0_features.TestAdminSmtpSettings" name="test_get_smtp_settings" time="0.444" /><testcase classname="backend.tests.test_p0_features.TestAdminSmtpSettings" name="test_update_smtp_settings" time="0.539" /><testcase classname="backend.tests.test_p0_features.TestAdminSmtpSettings" name="test_smtp_settings_requires_admin" time="0.793" /><testcase classname="backend.tests.test_p0_features.TestAuthEndpoints" name="test_admin_login" time="0.344" /><testcase classname="backend.tests.test_p0_features.TestAuthEndpoints" name="test_register_new_user" time="0.348" /></testsuite></testsuites>