<?xml version="1.0" encoding="utf-8"?><testsuites name="pytest tests"><testsuite name="pytest" errors="0" failures="0" skipped="0" tests="20" time="12.944" timestamp="2026-04-17T10:12:45.589904+00:00" hostname="agent-env-83087bfc-589a-4c1b-a3c4-4c2de8fa6d14"><testcase classname="backend.tests.test_admin_user_crud.TestAdminUserCRUD" name="test_create_user_success" time="0.786" /><testcase classname="backend.tests.test_admin_user_crud.TestAdminUserCRUD" name="test_create_admin_user" time="0.696" /><testcase classname="backend.tests.test_admin_user_crud.TestAdminUserCRUD" name="test_create_user_with_standard_plan" time="0.688" /><testcase classname="backend.tests.test_admin_user_crud.TestAdminUserCRUD" name="test_create_user_empty_email_rejected" time="0.426" /><testcase classname="backend.tests.test_admin_user_crud.TestAdminUserCRUD" name="test_create_user_empty_password_rejected" time="0.432" /><testcase classname="backend.tests.test_admin_user_crud.TestAdminUserCRUD" name="test_create_user_short_password_rejected" time="0.431" /><testcase classname="backend.tests.test_admin_user_crud.TestAdminUserCRUD" name="test_create_user_duplicate_email_rejected" time="0.734" /><testcase classname="backend.tests.test_admin_user_crud.TestAdminUserCRUD" name="test_create_user_invalid_role_rejected" time="0.424" /><testcase classname="backend.tests.test_admin_user_crud.TestAdminUserCRUD" name="test_update_user_role" time="0.782" /><testcase classname="backend.tests.test_admin_user_crud.TestAdminUserCRUD" name="test_update_user_plan" time="0.820" /><testcase classname="backend.tests.test_admin_user_crud.TestAdminUserCRUD" name="test_update_user_name" time="0.772" /><testcase classname="backend.tests.test_admin_user_crud.TestAdminUserCRUD" name="test_update_multiple_fields" time="0.742" /><testcase classname="backend.tests.test_admin_user_crud.TestAdminUserCRUD" name="test_delete_user" time="0.763" /><testcase classname="backend.tests.test_admin_user_crud.TestAdminUserCRUD" name="test_delete_self_protection" time="0.423" /><testcase classname="backend.tests.test_admin_user_crud.TestAdminUserCRUD" name="test_delete_nonexistent_user" time="0.438" /><testcase classname="backend.tests.test_admin_user_crud.TestAdminUserCRUD" name="test_list_users" time="0.413" /><testcase classname="backend.tests.test_admin_user_crud.TestAdminUserCRUD" name="test_search_users" time="0.741" /><testcase classname="backend.tests.test_admin_user_crud.TestAdminUserCRUD" name="test_create_user_requires_admin" time="0.524" /><testcase classname="backend.tests.test_admin_user_crud.TestAdminUserCRUD" name="test_regular_user_cannot_create_users" time="1.114" /><testcase classname="backend.tests.test_admin_user_crud.TestAdminUserCRUDWithSecondAdmin" name="test_second_admin_can_manage_users" time="0.717" /></testsuite></testsuites>