<?xml version="1.0" encoding="utf-8"?><testsuites name="pytest tests"><testsuite name="pytest" errors="0" failures="0" skipped="0" tests="11" time="2.205" timestamp="2026-08-18T13:36:14.322339+00:00" hostname="agent-env-83087bfc-589a-4c1b-a3c4-4c2de8fa6d14"><testcase classname="backend.tests.test_iteration10_payment_mode" name="test_get_returns_mode_and_buckets" time="0.664" /><testcase classname="backend.tests.test_iteration10_payment_mode" name="test_get_no_auth" time="0.174" /><testcase classname="backend.tests.test_iteration10_payment_mode" name="test_put_saves_both_buckets_and_mode" time="0.190" /><testcase classname="backend.tests.test_iteration10_payment_mode" name="test_put_masked_secret_preserves_existing" time="0.183" /><testcase classname="backend.tests.test_iteration10_payment_mode" name="test_put_switches_mode_to_live" time="0.182" /><testcase classname="backend.tests.test_iteration10_payment_mode" name="test_payu_initiate_uses_live_url_when_live_mode" time="0.091" /><testcase classname="backend.tests.test_iteration10_payment_mode" name="test_payu_initiate_uses_test_url_when_test_mode" time="0.188" /><testcase classname="backend.tests.test_iteration10_payment_mode" name="test_get_payments_returns_transactions" time="0.094" /><testcase classname="backend.tests.test_iteration10_payment_mode" name="test_get_payments_no_auth" time="0.171" /><testcase classname="backend.tests.test_iteration10_payment_mode" name="test_get_payments_pagination" time="0.101" /><testcase classname="backend.tests.test_iteration10_payment_mode" name="test_zzz_restore" time="0.092" /></testsuite></testsuites>