<?xml version="1.0" encoding="utf-8"?><testsuites name="pytest tests"><testsuite name="pytest" errors="0" failures="1" skipped="0" tests="8" time="2.161" timestamp="2026-08-11T10:42:23.008192+00:00" hostname="agent-env-83087bfc-589a-4c1b-a3c4-4c2de8fa6d14"><testcase classname="backend.tests.test_payment_settings" name="test_get_payment_settings_masked" time="0.510"><failure message="AssertionError: Missing field razorpay_key_secret&#10;assert 'razorpay_key_secret' in {'key': 'payment_gateways', 'payu_base_url': 'https://test.payu.in/_payment', 'payu_configured': True, 'payu_merchant_key': 'wRL2ZK', ...}">backend/tests/test_payment_settings.py:27: in test_get_payment_settings_masked
    assert f in d, f"Missing field {f}"
E   AssertionError: Missing field razorpay_key_secret
E   assert 'razorpay_key_secret' in {'key': 'payment_gateways', 'payu_base_url': 'https://test.payu.in/_payment', 'payu_configured': True, 'payu_merchant_key': 'wRL2ZK', ...}</failure></testcase><testcase classname="backend.tests.test_payment_settings" name="test_get_payment_settings_no_auth" time="0.100" /><testcase classname="backend.tests.test_payment_settings" name="test_put_preserves_masked_secrets" time="0.164" /><testcase classname="backend.tests.test_payment_settings" name="test_put_updates_actual_secret" time="0.108" /><testcase classname="backend.tests.test_payment_settings" name="test_put_no_auth" time="0.149" /><testcase classname="backend.tests.test_payment_settings" name="test_zzz_restore_env_credentials" time="0.054" /><testcase classname="backend.tests.test_payment_settings" name="test_razorpay_create_order_after_save" time="0.925" /><testcase classname="backend.tests.test_payment_settings" name="test_payu_initiate_after_save" time="0.063" /></testsuite></testsuites>