<?xml version="1.0" encoding="utf-8"?><testsuites name="pytest tests"><testsuite name="pytest" errors="0" failures="0" skipped="0" tests="25" time="4.096" timestamp="2026-05-29T17:43:17.058668+00:00" hostname="agent-env-83087bfc-589a-4c1b-a3c4-4c2de8fa6d14"><testcase classname="backend.tests.test_iteration7_refactor.TestAuth" name="test_admin1_login" time="0.401" /><testcase classname="backend.tests.test_iteration7_refactor.TestAuth" name="test_admin2_login" time="0.348" /><testcase classname="backend.tests.test_iteration7_refactor.TestAuth" name="test_unauth_me" time="0.150" /><testcase classname="backend.tests.test_iteration7_refactor.TestPush" name="test_vapid_key_public" time="0.122" /><testcase classname="backend.tests.test_iteration7_refactor.TestPush" name="test_push_status_auth" time="0.412" /><testcase classname="backend.tests.test_iteration7_refactor.TestPush" name="test_push_status_requires_auth" time="0.109" /><testcase classname="backend.tests.test_iteration7_refactor.TestExports" name="test_csv_export" time="0.321" /><testcase classname="backend.tests.test_iteration7_refactor.TestExports" name="test_pdf_export_admin" time="0.309" /><testcase classname="backend.tests.test_iteration7_refactor.TestExports" name="test_invalid_format" time="0.063" /><testcase classname="backend.tests.test_iteration7_refactor.TestExports" name="test_export_requires_auth" time="0.119" /><testcase classname="backend.tests.test_iteration7_refactor.TestSync" name="test_register_device" time="0.060" /><testcase classname="backend.tests.test_iteration7_refactor.TestSync" name="test_register_device_missing_id" time="0.064" /><testcase classname="backend.tests.test_iteration7_refactor.TestSync" name="test_list_devices" time="0.125" /><testcase classname="backend.tests.test_iteration7_refactor.TestSync" name="test_sync_pull_full" time="0.067" /><testcase classname="backend.tests.test_iteration7_refactor.TestSync" name="test_sync_pull_since" time="0.058" /><testcase classname="backend.tests.test_iteration7_refactor.TestSync" name="test_sync_push" time="0.061" /><testcase classname="backend.tests.test_iteration7_refactor.TestSync" name="test_sync_push_pull_roundtrip" time="0.126" /><testcase classname="backend.tests.test_iteration7_refactor.TestSync" name="test_sync_requires_auth" time="0.349" /><testcase classname="backend.tests.test_iteration7_refactor.TestSync" name="test_delete_device_cleanup" time="0.057" /><testcase classname="backend.tests.test_iteration7_refactor.TestSync" name="test_delete_nonexistent_device" time="0.056" /><testcase classname="backend.tests.test_iteration7_refactor.TestAdminEndpoints" name="test_admin_stats" time="0.056" /><testcase classname="backend.tests.test_iteration7_refactor.TestAdminEndpoints" name="test_admin_users_list" time="0.052" /><testcase classname="backend.tests.test_iteration7_refactor.TestAdminEndpoints" name="test_admin_coupons_list" time="0.059" /><testcase classname="backend.tests.test_iteration7_refactor.TestAdminEndpoints" name="test_admin_content_pages" time="0.054" /><testcase classname="backend.tests.test_iteration7_refactor.TestAdminEndpoints" name="test_admin_requires_admin_role" time="0.402" /></testsuite></testsuites>