<?xml version="1.0" encoding="utf-8"?><testsuites name="pytest tests"><testsuite name="pytest" errors="0" failures="0" skipped="1" tests="9" time="1.171" timestamp="2026-05-29T18:02:22.194448+00:00" hostname="agent-env-83087bfc-589a-4c1b-a3c4-4c2de8fa6d14"><testcase classname="backend.tests.test_iteration8_analytics" name="test_login_works" time="0.528" /><testcase classname="backend.tests.test_iteration8_analytics" name="test_insights_enhanced_fields" time="0.059" /><testcase classname="backend.tests.test_iteration8_analytics" name="test_insights_weight_and_heart_rate_have_change" time="0.059" /><testcase classname="backend.tests.test_iteration8_analytics" name="test_charts_weight_has_stats_and_prev_stats" time="0.053" /><testcase classname="backend.tests.test_iteration8_analytics" name="test_charts_weight_compare_true_returns_previous_entries" time="0.064" /><testcase classname="backend.tests.test_iteration8_analytics" name="test_charts_heart_rate_stats" time="0.055" /><testcase classname="backend.tests.test_iteration8_analytics" name="test_charts_change_percent_math" time="0.055"><skipped type="pytest.skip" message="Insufficient data for change_percent math">/app/backend/tests/test_iteration8_analytics.py:112: Insufficient data for change_percent math</skipped></testcase><testcase classname="backend.tests.test_iteration8_analytics" name="test_charts_unauth_returns_401" time="0.115" /><testcase classname="backend.tests.test_iteration8_analytics" name="test_insights_unauth_returns_401" time="0.122" /></testsuite></testsuites>